<?xml version="1.0" encoding="UTF-8"?>
<testsuites name="Mocha Tests" time="5.210" tests="1" failures="0">
  <testsuite name="Root Suite" timestamp="2026-03-21T23:10:15" tests="0" file="cypress\e2e\carrinho.cy.js" time="0.000" failures="0">
  </testsuite>
  <testsuite name="Carrinho" timestamp="2026-03-21T23:10:15" tests="1" time="5.208" failures="0">
    <testcase name="Carrinho Adicionar produtdo ao carrinho com sucesso" time="3.394" classname="Adicionar produtdo ao carrinho com sucesso">
    </testcase>
  </testsuite>
</testsuites>